2026-03-16 10:23:31.623519 | hi
2026-03-16 10:23:55.106803 | What are the departmenst you are offering?
2026-03-16 10:24:17.642726 | what are the departments you are offering?
2026-03-16 10:24:42.215569 | Tell me about It department
2026-03-16 10:25:12.524691 | What is the fee structure for btech?
2026-03-16 10:26:18.037031 | Does the program include practical learning?
2026-03-16 10:30:37.135066 | hi
2026-03-16 10:31:03.225386 | What are the departments you are having?
2026-03-16 10:33:07.462418 | hi
2026-03-16 10:33:32.957088 | What are the departments you are offering?
2026-03-16 10:33:57.128494 | Tell me about university?
2026-03-16 10:35:44.499918 | hi
2026-03-16 10:36:06.963445 | What are the departments you are offering?
2026-03-16 10:36:40.173758 | Tell me about Cse
2026-03-16 10:37:01.784749 | Does the program include practical learning?
2026-03-16 10:37:20.938103 | What documents are required for admission?

2026-03-16 10:37:43.478515 | What technologies are covered in the program?

2026-03-16 10:38:18.210905 | What minimum marks are required?

2026-03-16 10:38:39.796760 | What analytical skills are developed?

2026-03-16 10:39:06.434714 | Fee sturcture for btech?
2026-03-16 10:44:34.006099 | Tell me about yourself.
2026-03-16 10:44:40.730516 | Tell me about yourself.
2026-03-16 10:44:46.891060 | Tell me about yourself.
2026-03-16 10:44:56.104870 | Tell me about yourself.
2026-03-16 10:45:02.725243 | Tell me about yourself.
2026-03-16 10:45:09.329709 | Tell me about yourself.
2026-03-16 10:45:16.284478 | Tell me about yourself.
2026-03-16 10:45:22.944772 | Tell me about yourself.
2026-03-16 10:45:29.449168 | Tell me about yourself.
2026-03-16 10:45:36.012532 | Tell me about yourself.
2026-03-16 10:45:42.667831 | Tell me about yourself.
2026-03-16 10:45:49.722923 | Tell me about yourself.
2026-03-16 10:45:57.088010 | Tell me about yourself.
2026-03-16 10:46:03.342926 | Tell me about yourself.
2026-03-16 10:46:09.725491 | Tell me about yourself.
2026-03-16 10:46:17.130771 | Tell me about yourself.
2026-03-16 10:46:24.064041 | Tell me about yourself.
2026-03-16 10:47:21.103531 | Tell me about you
2026-03-16 10:47:42.697315 | What are the departments you are offering?
2026-03-16 10:48:05.933819 | What is the fee structure for btech
2026-03-16 10:55:40.469553 | HI
2026-03-16 10:57:05.785764 | hi
2026-03-16 10:57:23.098582 | Tell me about your self
2026-03-16 10:59:54.584416 | hi
2026-03-16 11:00:16.526031 | What are the departments you are offering?
2026-03-16 11:00:41.219258 | What analytical skills are developed?

2026-03-16 11:00:58.271996 | What is the fee structure for btech?
2026-03-16 11:09:06.051841 | HI
2026-03-16 11:09:44.881305 | What are the departments you are offering?
2026-03-16 11:16:39.866272 | HI
2026-03-16 11:18:15.499608 | What are the departments you are offering?
2026-03-16 11:18:41.380344 | What is the fee structure for btech?
2026-03-16 11:29:30.151970 | Tell me about yourself.
2026-03-16 11:30:32.332324 | Tell me about your self
2026-03-16 11:31:15.153239 | What are the departments you are offering?
2026-03-16 11:31:29.061868 | What career roles can graduates pursue?

2026-03-16 11:32:06.413040 | What does a Data Scientist do?

2026-03-16 11:32:32.270116 | Fee structure for btech?
2026-03-16 11:33:01.473351 | In this university there is mtech program?
2026-03-16 11:33:26.158923 | What if attendance is below 75%?

2026-03-16 11:33:53.503065 | Are discipline rules strict?

2026-03-16 11:59:47.446004 | What documents are required for admission?
2026-03-16 12:05:57.363026 | What is the refund policy?
2026-03-16 12:06:31.845803 | What is the eligibility criteria for btech datascience
2026-03-16 12:08:38.422599 | what is the placement percentage for chemical department
2026-03-16 12:09:13.778819 | 
what is the placement percentage for chemical dengineering
2026-03-16 12:11:15.109858 | What is the fee structure of csbs?
2026-03-16 12:11:45.326313 | What is the fee structure for btech?
2026-03-16 12:12:23.807014 | What is the admission process
2026-03-16 12:13:11.153489 | Can you give me application link?
2026-03-16 20:19:52.637386 | HI
2026-03-16 20:20:58.093881 | What are the departments you are offering?
2026-03-16 20:21:44.093077 | What is the fee structure for btech?
2026-03-16 20:22:17.474803 | What is the placement record for Chemical Department?

2026-03-16 20:22:57.128169 | What is the placement record for Chemical Engineering?

2026-03-16 20:25:45.587382 | 
What is the placement record for Chemical Department?
2026-03-16 20:26:33.028823 | 
What is the placement record for Chemical Department?
2026-03-16 20:29:29.436969 | What is the placement record for Chemical Department?

2026-03-16 20:29:40.913668 | What is the placement record for Chemical Engineering?

2026-03-16 20:30:04.989964 | What is chemical engineering offers?
2026-03-16 20:30:57.408115 | What are the departments you are offering?
2026-03-16 20:31:23.021305 | what is the fee structure for btech?
2026-03-16 20:32:51.169166 | Is there any scope for fiscal support other than University Merit Scholorships

2026-03-16 20:33:18.952567 | what is the process for admission?
2026-03-16 20:33:45.786844 | what are the requirements for admission
2026-03-16 20:34:41.971809 | What is Vignan University
2026-03-16 20:36:11.665669 | What is Vignan University
2026-03-16 20:37:03.343433 | What is Vignan University
2026-03-16 20:38:46.605340 | What entrance exams are accepted for admission
2026-03-16 20:38:57.876296 | What is Category B admission
2026-03-16 20:39:11.150813 | What is the admission process at Vignan University
2026-03-16 20:39:57.545556 | What documents are required for admissio
2026-03-16 20:40:21.736829 | What is the fee for B.Tech CSE, AI & ML, Cyber Security, Data Science, IoT, and IT
2026-03-16 20:40:50.648108 | What scholarship can students get based on Intermediate marks
2026-03-16 20:41:13.877105 | What scholarship is available based on EAMCET rank
2026-03-16 20:41:31.165100 | : What is the placement percentage at Vignan University
2026-03-17 21:02:03.429937 | HI
2026-03-17 21:02:30.921442 | What is the admission process?
2026-03-17 21:03:00.897998 | Can you give me admission application link?
2026-03-17 21:03:40.398619 | What are the departments you are offering?
2026-03-17 21:04:04.320290 | What is the fee structure for btech?
2026-03-18 13:48:30.789898 | What is the fee structure for btech?
2026-03-18 13:51:17.215073 | What is the eligibility for CSE Ai & ML

